========================================================================
DELTA-T FEATURE EXTRACTION  (mode=full)
Array task 11 / Job 54867722
Node: jst372   CPUs: 1
Start: mar 02 jun 2026 07:17:31 CEST
========================================================================
Python: /work/upschrimpf1/mehrer/code/20260601_multimodal_brain_scaling_schizophrenia/multimodal-brain-scaling/.venv/bin/python

Stimuli: start=176  count=16
Output:  outputs/features/whisper-base-delta-t/chunk_11

Arguments: {'model_id': 'whisper-base', 'data_root': '/work/upschrimpf1/mehrer/datasets/Broderick_2018_EEG_The_old_man_and_the_sea/stimuli', 'target_feature_layers': 'configs/extraction/audio/whisper_base_layers.json', 'output_dir': 'outputs/features/whisper-base-delta-t/chunk_11', 'window_duration': 30.0, 'window_stride': 10.0, 'batch_t': 4, 't_stride': 1, 'stim_start_idx': 176, 'n_stimuli': 16, 'save_every': 8, 'model_cache_dir': 'cache/model_weights', 'seed': 42, 'overwrite': False}
Device: cpu
Stimuli: 16 (idx 176..191 of 314)  |  Time bins: 1500 (t_stride=1)  |  batch_t: 4
Layers: ['blocks.0', 'blocks.1', 'blocks.2', 'blocks.3', 'blocks.4', 'blocks.5']
  stim 177/16: 1328.0s  ETA -0.3h  (480 stim/hr)
  stim 178/16: 1318.5s  ETA -0.7h  (242 stim/hr)
  stim 179/16: 1306.5s  ETA -1.0h  (163 stim/hr)
  stim 180/16: 1321.4s  ETA -1.3h  (123 stim/hr)
  stim 181/16: 1309.0s  ETA -1.7h  (99 stim/hr)
  stim 182/16: 1308.0s  ETA -2.0h  (83 stim/hr)
  stim 183/16: 1300.9s  ETA -2.3h  (72 stim/hr)
  stim 184/16: 1299.7s  ETA -2.7h  (63 stim/hr)
  stim 185/16: 1290.7s  ETA -3.0h  (57 stim/hr)
  stim 186/16: 1307.2s  ETA -3.3h  (51 stim/hr)
  stim 187/16: 1308.4s  ETA -3.7h  (47 stim/hr)
  stim 188/16: 1292.5s  ETA -4.0h  (43 stim/hr)
  stim 189/16: 1303.1s  ETA -4.3h  (40 stim/hr)
  stim 190/16: 1311.2s  ETA -4.7h  (37 stim/hr)
  stim 191/16: 1299.9s  ETA -5.0h  (35 stim/hr)
  stim 192/16: 1306.8s  ETA -5.3h  (33 stim/hr)

Done. 2 HDF5 files written to outputs/features/whisper-base-delta-t/chunk_11
Feature shape per stimulus: [T_out=1500, d_model] per layer

SUCCESS  task=11  stim_start=176
Files written:
total 126M
-rw-r--r-- 1 mehrer upschrimpf1-unit 64M  2 jun 10:13 feats_delta_t-bs_8-batch_0-seed_42.h5
-rw-r--r-- 1 mehrer upschrimpf1-unit 64M  2 jun 13:07 feats_delta_t-bs_8-batch_1-seed_42.h5
End: mar 02 jun 2026 13:07:23 CEST
