========================================================================
DELTA-T FEATURE EXTRACTION  (mode=full)
Array task 18 / Job 54867729
Node: jst374   CPUs: 1
Start: mar 02 jun 2026 07:17:31 CEST
========================================================================
Python: /work/upschrimpf1/mehrer/code/20260601_multimodal_brain_scaling_schizophrenia/multimodal-brain-scaling/.venv/bin/python

Stimuli: start=288  count=16
Output:  outputs/features/whisper-base-delta-t/chunk_18

Arguments: {'model_id': 'whisper-base', 'data_root': '/work/upschrimpf1/mehrer/datasets/Broderick_2018_EEG_The_old_man_and_the_sea/stimuli', 'target_feature_layers': 'configs/extraction/audio/whisper_base_layers.json', 'output_dir': 'outputs/features/whisper-base-delta-t/chunk_18', 'window_duration': 30.0, 'window_stride': 10.0, 'batch_t': 4, 't_stride': 1, 'stim_start_idx': 288, 'n_stimuli': 16, 'save_every': 8, 'model_cache_dir': 'cache/model_weights', 'seed': 42, 'overwrite': False}
Device: cpu
Stimuli: 16 (idx 288..303 of 314)  |  Time bins: 1500 (t_stride=1)  |  batch_t: 4
Layers: ['blocks.0', 'blocks.1', 'blocks.2', 'blocks.3', 'blocks.4', 'blocks.5']
  stim 289/16: 1143.4s  ETA -0.3h  (910 stim/hr)
  stim 290/16: 1159.8s  ETA -0.6h  (453 stim/hr)
  stim 291/16: 1017.9s  ETA -0.9h  (315 stim/hr)
  stim 292/16: 1041.0s  ETA -1.1h  (241 stim/hr)
  stim 293/16: 1186.9s  ETA -1.5h  (190 stim/hr)
  stim 294/16: 1162.5s  ETA -1.8h  (158 stim/hr)
  stim 295/16: 1160.2s  ETA -2.1h  (135 stim/hr)
  stim 296/16: 1163.6s  ETA -2.4h  (118 stim/hr)
  stim 297/16: 1143.9s  ETA -2.7h  (105 stim/hr)
  stim 298/16: 1163.3s  ETA -3.0h  (95 stim/hr)
  stim 299/16: 1185.0s  ETA -3.3h  (86 stim/hr)
  stim 300/16: 1197.5s  ETA -3.6h  (79 stim/hr)
  stim 301/16: 1087.5s  ETA -3.9h  (73 stim/hr)
  stim 302/16: 1183.7s  ETA -4.2h  (68 stim/hr)
  stim 303/16: 1290.5s  ETA -4.5h  (63 stim/hr)
  stim 304/16: 1202.3s  ETA -4.9h  (59 stim/hr)

Done. 2 HDF5 files written to outputs/features/whisper-base-delta-t/chunk_18
Feature shape per stimulus: [T_out=1500, d_model] per layer

SUCCESS  task=18  stim_start=288
Files written:
total 126M
-rw-r--r-- 1 mehrer upschrimpf1-unit 64M  2 jun 09:49 feats_delta_t-bs_8-batch_0-seed_42.h5
-rw-r--r-- 1 mehrer upschrimpf1-unit 64M  2 jun 12:26 feats_delta_t-bs_8-batch_1-seed_42.h5
End: mar 02 jun 2026 12:27:00 CEST
