========================================================================
DELTA-T FEATURE EXTRACTION  (mode=full)
Array task 14 / Job 54867725
Node: jst372   CPUs: 1
Start: mar 02 jun 2026 07:17:31 CEST
========================================================================
Python: /work/upschrimpf1/mehrer/code/20260601_multimodal_brain_scaling_schizophrenia/multimodal-brain-scaling/.venv/bin/python

Stimuli: start=224  count=16
Output:  outputs/features/whisper-base-delta-t/chunk_14

Arguments: {'model_id': 'whisper-base', 'data_root': '/work/upschrimpf1/mehrer/datasets/Broderick_2018_EEG_The_old_man_and_the_sea/stimuli', 'target_feature_layers': 'configs/extraction/audio/whisper_base_layers.json', 'output_dir': 'outputs/features/whisper-base-delta-t/chunk_14', 'window_duration': 30.0, 'window_stride': 10.0, 'batch_t': 4, 't_stride': 1, 'stim_start_idx': 224, 'n_stimuli': 16, 'save_every': 8, 'model_cache_dir': 'cache/model_weights', 'seed': 42, 'overwrite': False}
Device: cpu
Stimuli: 16 (idx 224..239 of 314)  |  Time bins: 1500 (t_stride=1)  |  batch_t: 4
Layers: ['blocks.0', 'blocks.1', 'blocks.2', 'blocks.3', 'blocks.4', 'blocks.5']
  stim 225/16: 1336.6s  ETA -0.3h  (606 stim/hr)
  stim 226/16: 1331.5s  ETA -0.7h  (305 stim/hr)
  stim 227/16: 1311.9s  ETA -1.0h  (205 stim/hr)
  stim 228/16: 1327.4s  ETA -1.4h  (155 stim/hr)
  stim 229/16: 1317.1s  ETA -1.7h  (124 stim/hr)
  stim 230/16: 1310.3s  ETA -2.1h  (104 stim/hr)
  stim 231/16: 1304.2s  ETA -2.4h  (90 stim/hr)
  stim 232/16: 1307.0s  ETA -2.7h  (79 stim/hr)
  stim 233/16: 1298.3s  ETA -3.1h  (71 stim/hr)
  stim 234/16: 1314.2s  ETA -3.4h  (64 stim/hr)
  stim 235/16: 1315.0s  ETA -3.7h  (58 stim/hr)
  stim 236/16: 1307.0s  ETA -4.1h  (54 stim/hr)
  stim 237/16: 1314.3s  ETA -4.4h  (50 stim/hr)
  stim 238/16: 1313.0s  ETA -4.8h  (47 stim/hr)
  stim 239/16: 1317.2s  ETA -5.1h  (44 stim/hr)
  stim 240/16: 1319.8s  ETA -5.5h  (41 stim/hr)

Done. 2 HDF5 files written to outputs/features/whisper-base-delta-t/chunk_14
Feature shape per stimulus: [T_out=1500, d_model] per layer

SUCCESS  task=14  stim_start=224
Files written:
total 126M
-rw-r--r-- 1 mehrer upschrimpf1-unit 64M  2 jun 10:14 feats_delta_t-bs_8-batch_0-seed_42.h5
-rw-r--r-- 1 mehrer upschrimpf1-unit 64M  2 jun 13:09 feats_delta_t-bs_8-batch_1-seed_42.h5
End: mar 02 jun 2026 13:09:36 CEST
