========================================================================
DELTA-T FEATURE EXTRACTION  (mode=full)
Array task 17 / Job 54867728
Node: jst374   CPUs: 1
Start: mar 02 jun 2026 07:17:31 CEST
========================================================================
Python: /work/upschrimpf1/mehrer/code/20260601_multimodal_brain_scaling_schizophrenia/multimodal-brain-scaling/.venv/bin/python

Stimuli: start=272  count=16
Output:  outputs/features/whisper-base-delta-t/chunk_17

Arguments: {'model_id': 'whisper-base', 'data_root': '/work/upschrimpf1/mehrer/datasets/Broderick_2018_EEG_The_old_man_and_the_sea/stimuli', 'target_feature_layers': 'configs/extraction/audio/whisper_base_layers.json', 'output_dir': 'outputs/features/whisper-base-delta-t/chunk_17', 'window_duration': 30.0, 'window_stride': 10.0, 'batch_t': 4, 't_stride': 1, 'stim_start_idx': 272, 'n_stimuli': 16, 'save_every': 8, 'model_cache_dir': 'cache/model_weights', 'seed': 42, 'overwrite': False}
Device: cpu
Stimuli: 16 (idx 272..287 of 314)  |  Time bins: 1500 (t_stride=1)  |  batch_t: 4
Layers: ['blocks.0', 'blocks.1', 'blocks.2', 'blocks.3', 'blocks.4', 'blocks.5']
  stim 273/16: 1148.7s  ETA -0.3h  (855 stim/hr)
  stim 274/16: 1160.8s  ETA -0.6h  (427 stim/hr)
  stim 275/16: 1021.7s  ETA -0.9h  (297 stim/hr)
  stim 276/16: 1047.4s  ETA -1.1h  (227 stim/hr)
  stim 277/16: 1184.9s  ETA -1.5h  (179 stim/hr)
  stim 278/16: 1159.7s  ETA -1.8h  (149 stim/hr)
  stim 279/16: 1166.4s  ETA -2.1h  (127 stim/hr)
  stim 280/16: 1167.6s  ETA -2.4h  (111 stim/hr)
  stim 281/16: 1141.9s  ETA -2.7h  (99 stim/hr)
  stim 282/16: 1177.2s  ETA -3.0h  (89 stim/hr)
  stim 283/16: 1190.6s  ETA -3.3h  (81 stim/hr)
  stim 284/16: 1202.0s  ETA -3.6h  (74 stim/hr)
  stim 285/16: 1093.5s  ETA -3.9h  (69 stim/hr)
  stim 286/16: 1205.3s  ETA -4.2h  (64 stim/hr)
  stim 287/16: 1299.2s  ETA -4.6h  (59 stim/hr)
  stim 288/16: 1193.1s  ETA -4.9h  (56 stim/hr)

Done. 2 HDF5 files written to outputs/features/whisper-base-delta-t/chunk_17
Feature shape per stimulus: [T_out=1500, d_model] per layer

SUCCESS  task=17  stim_start=272
Files written:
total 126M
-rw-r--r-- 1 mehrer upschrimpf1-unit 64M  2 jun 09:49 feats_delta_t-bs_8-batch_0-seed_42.h5
-rw-r--r-- 1 mehrer upschrimpf1-unit 64M  2 jun 12:28 feats_delta_t-bs_8-batch_1-seed_42.h5
End: mar 02 jun 2026 12:28:10 CEST
