========================================================================
DELTA-T FEATURE EXTRACTION  (mode=full)
Array task 15 / Job 54867726
Node: jst372   CPUs: 1
Start: mar 02 jun 2026 07:17:31 CEST
========================================================================
Python: /work/upschrimpf1/mehrer/code/20260601_multimodal_brain_scaling_schizophrenia/multimodal-brain-scaling/.venv/bin/python

Stimuli: start=240  count=16
Output:  outputs/features/whisper-base-delta-t/chunk_15

Arguments: {'model_id': 'whisper-base', 'data_root': '/work/upschrimpf1/mehrer/datasets/Broderick_2018_EEG_The_old_man_and_the_sea/stimuli', 'target_feature_layers': 'configs/extraction/audio/whisper_base_layers.json', 'output_dir': 'outputs/features/whisper-base-delta-t/chunk_15', 'window_duration': 30.0, 'window_stride': 10.0, 'batch_t': 4, 't_stride': 1, 'stim_start_idx': 240, 'n_stimuli': 16, 'save_every': 8, 'model_cache_dir': 'cache/model_weights', 'seed': 42, 'overwrite': False}
Device: cpu
Stimuli: 16 (idx 240..255 of 314)  |  Time bins: 1500 (t_stride=1)  |  batch_t: 4
Layers: ['blocks.0', 'blocks.1', 'blocks.2', 'blocks.3', 'blocks.4', 'blocks.5']
  stim 241/16: 1331.4s  ETA -0.3h  (652 stim/hr)
  stim 242/16: 1326.8s  ETA -0.7h  (328 stim/hr)
  stim 243/16: 1310.2s  ETA -1.0h  (220 stim/hr)
  stim 244/16: 1319.3s  ETA -1.4h  (166 stim/hr)
  stim 245/16: 1309.3s  ETA -1.7h  (134 stim/hr)
  stim 246/16: 1305.2s  ETA -2.1h  (112 stim/hr)
  stim 247/16: 1301.5s  ETA -2.4h  (97 stim/hr)
  stim 248/16: 1303.3s  ETA -2.7h  (85 stim/hr)
  stim 249/16: 1310.4s  ETA -3.1h  (76 stim/hr)
  stim 250/16: 1322.6s  ETA -3.4h  (68 stim/hr)
  stim 251/16: 1327.0s  ETA -3.8h  (62 stim/hr)
  stim 252/16: 1314.1s  ETA -4.1h  (57 stim/hr)
  stim 253/16: 1317.8s  ETA -4.4h  (53 stim/hr)
  stim 254/16: 1319.2s  ETA -4.8h  (50 stim/hr)
  stim 255/16: 1316.6s  ETA -5.1h  (47 stim/hr)
  stim 256/16: 1315.9s  ETA -5.5h  (44 stim/hr)

Done. 2 HDF5 files written to outputs/features/whisper-base-delta-t/chunk_15
Feature shape per stimulus: [T_out=1500, d_model] per layer

SUCCESS  task=15  stim_start=240
Files written:
total 114M
-rw-r--r-- 1 mehrer upschrimpf1-unit 64M  2 jun 10:13 feats_delta_t-bs_8-batch_0-seed_42.h5
-rw-r--r-- 1 mehrer upschrimpf1-unit 64M  2 jun 13:09 feats_delta_t-bs_8-batch_1-seed_42.h5
End: mar 02 jun 2026 13:09:41 CEST
