========================================================================
DELTA-T FEATURE EXTRACTION  (mode=full)
Array task 7 / Job 54867718
Node: jst371   CPUs: 1
Start: mar 02 jun 2026 07:17:31 CEST
========================================================================
Python: /work/upschrimpf1/mehrer/code/20260601_multimodal_brain_scaling_schizophrenia/multimodal-brain-scaling/.venv/bin/python

Stimuli: start=112  count=16
Output:  outputs/features/whisper-base-delta-t/chunk_7

Arguments: {'model_id': 'whisper-base', 'data_root': '/work/upschrimpf1/mehrer/datasets/Broderick_2018_EEG_The_old_man_and_the_sea/stimuli', 'target_feature_layers': 'configs/extraction/audio/whisper_base_layers.json', 'output_dir': 'outputs/features/whisper-base-delta-t/chunk_7', 'window_duration': 30.0, 'window_stride': 10.0, 'batch_t': 4, 't_stride': 1, 'stim_start_idx': 112, 'n_stimuli': 16, 'save_every': 8, 'model_cache_dir': 'cache/model_weights', 'seed': 42, 'overwrite': False}
Device: cpu
Stimuli: 16 (idx 112..127 of 314)  |  Time bins: 1500 (t_stride=1)  |  batch_t: 4
Layers: ['blocks.0', 'blocks.1', 'blocks.2', 'blocks.3', 'blocks.4', 'blocks.5']
  stim 113/16: 1092.4s  ETA -0.3h  (372 stim/hr)
  stim 114/16: 1081.1s  ETA -0.5h  (189 stim/hr)
  stim 115/16: 1051.8s  ETA -0.8h  (128 stim/hr)
  stim 116/16: 1088.8s  ETA -1.0h  (97 stim/hr)
  stim 117/16: 1056.8s  ETA -1.3h  (78 stim/hr)
  stim 118/16: 1148.0s  ETA -1.6h  (65 stim/hr)
  stim 119/16: 1255.3s  ETA -1.9h  (55 stim/hr)
  stim 120/16: 1257.9s  ETA -2.2h  (48 stim/hr)
  stim 121/16: 1273.3s  ETA -2.5h  (42 stim/hr)
  stim 122/16: 1272.3s  ETA -2.8h  (38 stim/hr)
  stim 123/16: 1131.7s  ETA -3.1h  (35 stim/hr)
  stim 124/16: 1666.5s  ETA -3.5h  (31 stim/hr)
  stim 125/16: 1671.4s  ETA -3.9h  (28 stim/hr)
  stim 126/16: 1677.6s  ETA -4.3h  (26 stim/hr)
  stim 127/16: 1675.1s  ETA -4.7h  (24 stim/hr)
  stim 128/16: 1662.0s  ETA -5.1h  (22 stim/hr)

Done. 2 HDF5 files written to outputs/features/whisper-base-delta-t/chunk_7
Feature shape per stimulus: [T_out=1500, d_model] per layer

SUCCESS  task=7  stim_start=112
Files written:
total 114M
-rw-r--r-- 1 mehrer upschrimpf1-unit 64M  2 jun 09:49 feats_delta_t-bs_8-batch_0-seed_42.h5
-rw-r--r-- 1 mehrer upschrimpf1-unit 64M  2 jun 13:09 feats_delta_t-bs_8-batch_1-seed_42.h5
End: mar 02 jun 2026 13:09:54 CEST
