========================================================================
DELTA-T FEATURE EXTRACTION  (mode=full)
Array task 3 / Job 54867714
Node: jst371   CPUs: 1
Start: mar 02 jun 2026 07:17:31 CEST
========================================================================
Python: /work/upschrimpf1/mehrer/code/20260601_multimodal_brain_scaling_schizophrenia/multimodal-brain-scaling/.venv/bin/python

Stimuli: start=48  count=16
Output:  outputs/features/whisper-base-delta-t/chunk_3

Arguments: {'model_id': 'whisper-base', 'data_root': '/work/upschrimpf1/mehrer/datasets/Broderick_2018_EEG_The_old_man_and_the_sea/stimuli', 'target_feature_layers': 'configs/extraction/audio/whisper_base_layers.json', 'output_dir': 'outputs/features/whisper-base-delta-t/chunk_3', 'window_duration': 30.0, 'window_stride': 10.0, 'batch_t': 4, 't_stride': 1, 'stim_start_idx': 48, 'n_stimuli': 16, 'save_every': 8, 'model_cache_dir': 'cache/model_weights', 'seed': 42, 'overwrite': False}
Device: cpu
Stimuli: 16 (idx 48..63 of 314)  |  Time bins: 1500 (t_stride=1)  |  batch_t: 4
Layers: ['blocks.0', 'blocks.1', 'blocks.2', 'blocks.3', 'blocks.4', 'blocks.5']
  stim 49/16: 1088.0s  ETA -0.2h  (162 stim/hr)
  stim 50/16: 1082.2s  ETA -0.4h  (83 stim/hr)
  stim 51/16: 1050.7s  ETA -0.6h  (57 stim/hr)
  stim 52/16: 1076.1s  ETA -0.8h  (44 stim/hr)
  stim 53/16: 1045.2s  ETA -1.0h  (36 stim/hr)
  stim 54/16: 1135.0s  ETA -1.3h  (30 stim/hr)
  stim 55/16: 1247.7s  ETA -1.5h  (26 stim/hr)
  stim 56/16: 1250.8s  ETA -1.8h  (22 stim/hr)
  stim 57/16: 1273.6s  ETA -2.0h  (20 stim/hr)
  stim 58/16: 1271.5s  ETA -2.3h  (18 stim/hr)
  stim 59/16: 1124.4s  ETA -2.6h  (17 stim/hr)
  stim 60/16: 1656.1s  ETA -2.9h  (15 stim/hr)
  stim 61/16: 1675.9s  ETA -3.3h  (14 stim/hr)
  stim 62/16: 1679.8s  ETA -3.6h  (13 stim/hr)
  stim 63/16: 1678.4s  ETA -4.0h  (12 stim/hr)
  stim 64/16: 1674.5s  ETA -4.4h  (11 stim/hr)

Done. 2 HDF5 files written to outputs/features/whisper-base-delta-t/chunk_3
Feature shape per stimulus: [T_out=1500, d_model] per layer

SUCCESS  task=3  stim_start=48
Files written:
total 126M
-rw-r--r-- 1 mehrer upschrimpf1-unit 64M  2 jun 09:48 feats_delta_t-bs_8-batch_0-seed_42.h5
-rw-r--r-- 1 mehrer upschrimpf1-unit 64M  2 jun 13:09 feats_delta_t-bs_8-batch_1-seed_42.h5
End: mar 02 jun 2026 13:09:02 CEST
