========================================================================
DELTA-T FEATURE EXTRACTION  (mode=full)
Array task 5 / Job 54867716
Node: jst371   CPUs: 1
Start: mar 02 jun 2026 07:17:31 CEST
========================================================================
Python: /work/upschrimpf1/mehrer/code/20260601_multimodal_brain_scaling_schizophrenia/multimodal-brain-scaling/.venv/bin/python

Stimuli: start=80  count=16
Output:  outputs/features/whisper-base-delta-t/chunk_5

Arguments: {'model_id': 'whisper-base', 'data_root': '/work/upschrimpf1/mehrer/datasets/Broderick_2018_EEG_The_old_man_and_the_sea/stimuli', 'target_feature_layers': 'configs/extraction/audio/whisper_base_layers.json', 'output_dir': 'outputs/features/whisper-base-delta-t/chunk_5', 'window_duration': 30.0, 'window_stride': 10.0, 'batch_t': 4, 't_stride': 1, 'stim_start_idx': 80, 'n_stimuli': 16, 'save_every': 8, 'model_cache_dir': 'cache/model_weights', 'seed': 42, 'overwrite': False}
Device: cpu
Stimuli: 16 (idx 80..95 of 314)  |  Time bins: 1500 (t_stride=1)  |  batch_t: 4
Layers: ['blocks.0', 'blocks.1', 'blocks.2', 'blocks.3', 'blocks.4', 'blocks.5']
  stim 81/16: 1088.8s  ETA -0.2h  (268 stim/hr)
  stim 82/16: 1079.7s  ETA -0.5h  (136 stim/hr)
  stim 83/16: 1045.2s  ETA -0.7h  (93 stim/hr)
  stim 84/16: 1086.3s  ETA -1.0h  (70 stim/hr)
  stim 85/16: 1050.9s  ETA -1.2h  (57 stim/hr)
  stim 86/16: 1136.4s  ETA -1.5h  (48 stim/hr)
  stim 87/16: 1248.6s  ETA -1.8h  (40 stim/hr)
  stim 88/16: 1249.5s  ETA -2.0h  (35 stim/hr)
  stim 89/16: 1267.9s  ETA -2.3h  (31 stim/hr)
  stim 90/16: 1267.0s  ETA -2.6h  (28 stim/hr)
  stim 91/16: 1122.6s  ETA -2.9h  (26 stim/hr)
  stim 92/16: 1652.4s  ETA -3.3h  (23 stim/hr)
  stim 93/16: 1675.3s  ETA -3.7h  (21 stim/hr)
  stim 94/16: 1668.9s  ETA -4.1h  (19 stim/hr)
  stim 95/16: 1675.3s  ETA -4.5h  (18 stim/hr)
  stim 96/16: 1672.1s  ETA -4.9h  (16 stim/hr)

Done. 2 HDF5 files written to outputs/features/whisper-base-delta-t/chunk_5
Feature shape per stimulus: [T_out=1500, d_model] per layer

SUCCESS  task=5  stim_start=80
Files written:
total 127M
-rw-r--r-- 1 mehrer upschrimpf1-unit 64M  2 jun 09:48 feats_delta_t-bs_8-batch_0-seed_42.h5
-rw-r--r-- 1 mehrer upschrimpf1-unit 64M  2 jun 13:08 feats_delta_t-bs_8-batch_1-seed_42.h5
End: mar 02 jun 2026 13:08:53 CEST
