========================================================================
DELTA-T FEATURE EXTRACTION  (mode=full)
Array task 4 / Job 54867715
Node: jst371   CPUs: 1
Start: mar 02 jun 2026 07:17:31 CEST
========================================================================
Python: /work/upschrimpf1/mehrer/code/20260601_multimodal_brain_scaling_schizophrenia/multimodal-brain-scaling/.venv/bin/python

Stimuli: start=64  count=16
Output:  outputs/features/whisper-base-delta-t/chunk_4

Arguments: {'model_id': 'whisper-base', 'data_root': '/work/upschrimpf1/mehrer/datasets/Broderick_2018_EEG_The_old_man_and_the_sea/stimuli', 'target_feature_layers': 'configs/extraction/audio/whisper_base_layers.json', 'output_dir': 'outputs/features/whisper-base-delta-t/chunk_4', 'window_duration': 30.0, 'window_stride': 10.0, 'batch_t': 4, 't_stride': 1, 'stim_start_idx': 64, 'n_stimuli': 16, 'save_every': 8, 'model_cache_dir': 'cache/model_weights', 'seed': 42, 'overwrite': False}
Device: cpu
Stimuli: 16 (idx 64..79 of 314)  |  Time bins: 1500 (t_stride=1)  |  batch_t: 4
Layers: ['blocks.0', 'blocks.1', 'blocks.2', 'blocks.3', 'blocks.4', 'blocks.5']
  stim 65/16: 1096.2s  ETA -0.2h  (213 stim/hr)
  stim 66/16: 1080.5s  ETA -0.5h  (109 stim/hr)
  stim 67/16: 1052.2s  ETA -0.7h  (75 stim/hr)
  stim 68/16: 1089.1s  ETA -0.9h  (57 stim/hr)
  stim 69/16: 1054.6s  ETA -1.1h  (46 stim/hr)
  stim 70/16: 1146.8s  ETA -1.4h  (39 stim/hr)
  stim 71/16: 1256.1s  ETA -1.7h  (33 stim/hr)
  stim 72/16: 1255.1s  ETA -2.0h  (29 stim/hr)
  stim 73/16: 1272.9s  ETA -2.2h  (26 stim/hr)
  stim 74/16: 1269.9s  ETA -2.5h  (23 stim/hr)
  stim 75/16: 1128.3s  ETA -2.8h  (21 stim/hr)
  stim 76/16: 1664.6s  ETA -3.2h  (19 stim/hr)
  stim 77/16: 1667.8s  ETA -3.5h  (17 stim/hr)
  stim 78/16: 1673.3s  ETA -3.9h  (16 stim/hr)
  stim 79/16: 1671.2s  ETA -4.3h  (15 stim/hr)
  stim 80/16: 1673.7s  ETA -4.7h  (14 stim/hr)

Done. 2 HDF5 files written to outputs/features/whisper-base-delta-t/chunk_4
Feature shape per stimulus: [T_out=1500, d_model] per layer

SUCCESS  task=4  stim_start=64
Files written:
total 126M
-rw-r--r-- 1 mehrer upschrimpf1-unit 64M  2 jun 09:49 feats_delta_t-bs_8-batch_0-seed_42.h5
-rw-r--r-- 1 mehrer upschrimpf1-unit 64M  2 jun 13:09 feats_delta_t-bs_8-batch_1-seed_42.h5
End: mar 02 jun 2026 13:09:44 CEST
