========================================================================
DELTA-T FEATURE EXTRACTION  (mode=full)
Array task 6 / Job 54867717
Node: jst371   CPUs: 1
Start: mar 02 jun 2026 07:17:31 CEST
========================================================================
Python: /work/upschrimpf1/mehrer/code/20260601_multimodal_brain_scaling_schizophrenia/multimodal-brain-scaling/.venv/bin/python

Stimuli: start=96  count=16
Output:  outputs/features/whisper-base-delta-t/chunk_6

Arguments: {'model_id': 'whisper-base', 'data_root': '/work/upschrimpf1/mehrer/datasets/Broderick_2018_EEG_The_old_man_and_the_sea/stimuli', 'target_feature_layers': 'configs/extraction/audio/whisper_base_layers.json', 'output_dir': 'outputs/features/whisper-base-delta-t/chunk_6', 'window_duration': 30.0, 'window_stride': 10.0, 'batch_t': 4, 't_stride': 1, 'stim_start_idx': 96, 'n_stimuli': 16, 'save_every': 8, 'model_cache_dir': 'cache/model_weights', 'seed': 42, 'overwrite': False}
Device: cpu
Stimuli: 16 (idx 96..111 of 314)  |  Time bins: 1500 (t_stride=1)  |  batch_t: 4
Layers: ['blocks.0', 'blocks.1', 'blocks.2', 'blocks.3', 'blocks.4', 'blocks.5']
  stim 97/16: 1099.5s  ETA -0.3h  (318 stim/hr)
  stim 98/16: 1088.7s  ETA -0.5h  (161 stim/hr)
  stim 99/16: 1055.5s  ETA -0.8h  (110 stim/hr)
  stim 100/16: 1092.9s  ETA -1.0h  (83 stim/hr)
  stim 101/16: 1061.2s  ETA -1.3h  (67 stim/hr)
  stim 102/16: 1149.5s  ETA -1.5h  (56 stim/hr)
  stim 103/16: 1256.6s  ETA -1.8h  (48 stim/hr)
  stim 104/16: 1254.2s  ETA -2.1h  (41 stim/hr)
  stim 105/16: 1274.8s  ETA -2.4h  (37 stim/hr)
  stim 106/16: 1277.6s  ETA -2.7h  (33 stim/hr)
  stim 107/16: 1137.5s  ETA -3.0h  (30 stim/hr)
  stim 108/16: 1660.9s  ETA -3.4h  (27 stim/hr)
  stim 109/16: 1668.8s  ETA -3.8h  (24 stim/hr)
  stim 110/16: 1675.2s  ETA -4.2h  (22 stim/hr)
  stim 111/16: 1679.4s  ETA -4.6h  (21 stim/hr)
  stim 112/16: 1670.8s  ETA -5.0h  (19 stim/hr)

Done. 2 HDF5 files written to outputs/features/whisper-base-delta-t/chunk_6
Feature shape per stimulus: [T_out=1500, d_model] per layer

SUCCESS  task=6  stim_start=96
Files written:
total 126M
-rw-r--r-- 1 mehrer upschrimpf1-unit 64M  2 jun 09:49 feats_delta_t-bs_8-batch_0-seed_42.h5
-rw-r--r-- 1 mehrer upschrimpf1-unit 64M  2 jun 13:10 feats_delta_t-bs_8-batch_1-seed_42.h5
End: mar 02 jun 2026 13:10:35 CEST
