========================================================================
DELTA-T FEATURE EXTRACTION  (mode=full)
Array task 13 / Job 54867724
Node: jst372   CPUs: 1
Start: mar 02 jun 2026 07:17:31 CEST
========================================================================
Python: /work/upschrimpf1/mehrer/code/20260601_multimodal_brain_scaling_schizophrenia/multimodal-brain-scaling/.venv/bin/python

Stimuli: start=208  count=16
Output:  outputs/features/whisper-base-delta-t/chunk_13

Arguments: {'model_id': 'whisper-base', 'data_root': '/work/upschrimpf1/mehrer/datasets/Broderick_2018_EEG_The_old_man_and_the_sea/stimuli', 'target_feature_layers': 'configs/extraction/audio/whisper_base_layers.json', 'output_dir': 'outputs/features/whisper-base-delta-t/chunk_13', 'window_duration': 30.0, 'window_stride': 10.0, 'batch_t': 4, 't_stride': 1, 'stim_start_idx': 208, 'n_stimuli': 16, 'save_every': 8, 'model_cache_dir': 'cache/model_weights', 'seed': 42, 'overwrite': False}
Device: cpu
Stimuli: 16 (idx 208..223 of 314)  |  Time bins: 1500 (t_stride=1)  |  batch_t: 4
Layers: ['blocks.0', 'blocks.1', 'blocks.2', 'blocks.3', 'blocks.4', 'blocks.5']
  stim 209/16: 1334.2s  ETA -0.3h  (564 stim/hr)
  stim 210/16: 1325.1s  ETA -0.7h  (284 stim/hr)
  stim 211/16: 1317.9s  ETA -1.0h  (191 stim/hr)
  stim 212/16: 1301.1s  ETA -1.4h  (145 stim/hr)
  stim 213/16: 1317.3s  ETA -1.7h  (116 stim/hr)
  stim 214/16: 1312.9s  ETA -2.0h  (97 stim/hr)
  stim 215/16: 1306.7s  ETA -2.4h  (84 stim/hr)
  stim 216/16: 1304.1s  ETA -2.7h  (74 stim/hr)
  stim 217/16: 1300.5s  ETA -3.0h  (66 stim/hr)
  stim 218/16: 1317.4s  ETA -3.4h  (60 stim/hr)
  stim 219/16: 1321.8s  ETA -3.7h  (55 stim/hr)
  stim 220/16: 1303.9s  ETA -4.1h  (50 stim/hr)
  stim 221/16: 1295.6s  ETA -4.4h  (47 stim/hr)
  stim 222/16: 1296.0s  ETA -4.7h  (44 stim/hr)
  stim 223/16: 1300.6s  ETA -5.1h  (41 stim/hr)
  stim 224/16: 1308.5s  ETA -5.4h  (38 stim/hr)

Done. 2 HDF5 files written to outputs/features/whisper-base-delta-t/chunk_13
Feature shape per stimulus: [T_out=1500, d_model] per layer

SUCCESS  task=13  stim_start=208
Files written:
total 120M
-rw-r--r-- 1 mehrer upschrimpf1-unit 64M  2 jun 10:14 feats_delta_t-bs_8-batch_0-seed_42.h5
-rw-r--r-- 1 mehrer upschrimpf1-unit 64M  2 jun 13:08 feats_delta_t-bs_8-batch_1-seed_42.h5
End: mar 02 jun 2026 13:08:15 CEST
