========================================================================
DELTA-T FEATURE EXTRACTION  (mode=full)
Array task 1 / Job 54867712
Node: jst371   CPUs: 1
Start: mar 02 jun 2026 07:17:31 CEST
========================================================================
Python: /work/upschrimpf1/mehrer/code/20260601_multimodal_brain_scaling_schizophrenia/multimodal-brain-scaling/.venv/bin/python

Stimuli: start=16  count=16
Output:  outputs/features/whisper-base-delta-t/chunk_1

Arguments: {'model_id': 'whisper-base', 'data_root': '/work/upschrimpf1/mehrer/datasets/Broderick_2018_EEG_The_old_man_and_the_sea/stimuli', 'target_feature_layers': 'configs/extraction/audio/whisper_base_layers.json', 'output_dir': 'outputs/features/whisper-base-delta-t/chunk_1', 'window_duration': 30.0, 'window_stride': 10.0, 'batch_t': 4, 't_stride': 1, 'stim_start_idx': 16, 'n_stimuli': 16, 'save_every': 8, 'model_cache_dir': 'cache/model_weights', 'seed': 42, 'overwrite': False}
Device: cpu
Stimuli: 16 (idx 16..31 of 314)  |  Time bins: 1500 (t_stride=1)  |  batch_t: 4
Layers: ['blocks.0', 'blocks.1', 'blocks.2', 'blocks.3', 'blocks.4', 'blocks.5']
  stim 17/16: 1094.9s  ETA -0.0h  (56 stim/hr)
  stim 18/16: 1085.1s  ETA -0.1h  (30 stim/hr)
  stim 19/16: 1049.8s  ETA -0.1h  (21 stim/hr)
  stim 20/16: 1091.3s  ETA -0.2h  (17 stim/hr)
  stim 21/16: 1056.5s  ETA -0.4h  (14 stim/hr)
  stim 22/16: 1153.1s  ETA -0.5h  (12 stim/hr)
  stim 23/16: 1256.5s  ETA -0.7h  (11 stim/hr)
  stim 24/16: 1255.7s  ETA -0.8h  (10 stim/hr)
  stim 25/16: 1266.1s  ETA -1.0h  (9 stim/hr)
  stim 26/16: 1271.6s  ETA -1.2h  (8 stim/hr)
  stim 27/16: 1132.8s  ETA -1.4h  (8 stim/hr)
  stim 28/16: 1670.1s  ETA -1.7h  (7 stim/hr)
  stim 29/16: 1669.9s  ETA -2.0h  (7 stim/hr)
  stim 30/16: 1673.0s  ETA -2.3h  (6 stim/hr)
  stim 31/16: 1672.8s  ETA -2.6h  (6 stim/hr)
  stim 32/16: 1667.6s  ETA -2.9h  (5 stim/hr)

Done. 2 HDF5 files written to outputs/features/whisper-base-delta-t/chunk_1
Feature shape per stimulus: [T_out=1500, d_model] per layer

SUCCESS  task=1  stim_start=16
Files written:
total 126M
-rw-r--r-- 1 mehrer upschrimpf1-unit 64M  2 jun 09:49 feats_delta_t-bs_8-batch_0-seed_42.h5
-rw-r--r-- 1 mehrer upschrimpf1-unit 64M  2 jun 13:09 feats_delta_t-bs_8-batch_1-seed_42.h5
End: mar 02 jun 2026 13:09:58 CEST
