========================================================================
DELTA-T FEATURE EXTRACTION  (mode=full)
Array task 2 / Job 54867713
Node: jst371   CPUs: 1
Start: mar 02 jun 2026 07:17:31 CEST
========================================================================
Python: /work/upschrimpf1/mehrer/code/20260601_multimodal_brain_scaling_schizophrenia/multimodal-brain-scaling/.venv/bin/python

Stimuli: start=32  count=16
Output:  outputs/features/whisper-base-delta-t/chunk_2

Arguments: {'model_id': 'whisper-base', 'data_root': '/work/upschrimpf1/mehrer/datasets/Broderick_2018_EEG_The_old_man_and_the_sea/stimuli', 'target_feature_layers': 'configs/extraction/audio/whisper_base_layers.json', 'output_dir': 'outputs/features/whisper-base-delta-t/chunk_2', 'window_duration': 30.0, 'window_stride': 10.0, 'batch_t': 4, 't_stride': 1, 'stim_start_idx': 32, 'n_stimuli': 16, 'save_every': 8, 'model_cache_dir': 'cache/model_weights', 'seed': 42, 'overwrite': False}
Device: cpu
Stimuli: 16 (idx 32..47 of 314)  |  Time bins: 1500 (t_stride=1)  |  batch_t: 4
Layers: ['blocks.0', 'blocks.1', 'blocks.2', 'blocks.3', 'blocks.4', 'blocks.5']
  stim 33/16: 1090.9s  ETA -0.2h  (109 stim/hr)
  stim 34/16: 1077.3s  ETA -0.3h  (56 stim/hr)
  stim 35/16: 1047.4s  ETA -0.5h  (39 stim/hr)
  stim 36/16: 1083.4s  ETA -0.7h  (30 stim/hr)
  stim 37/16: 1051.3s  ETA -0.8h  (25 stim/hr)
  stim 38/16: 1139.7s  ETA -1.0h  (21 stim/hr)
  stim 39/16: 1251.1s  ETA -1.3h  (18 stim/hr)
  stim 40/16: 1248.7s  ETA -1.5h  (16 stim/hr)
  stim 41/16: 1274.0s  ETA -1.7h  (14 stim/hr)
  stim 42/16: 1272.6s  ETA -2.0h  (13 stim/hr)
  stim 43/16: 1124.7s  ETA -2.2h  (12 stim/hr)
  stim 44/16: 1663.4s  ETA -2.5h  (11 stim/hr)
  stim 45/16: 1676.6s  ETA -2.9h  (10 stim/hr)
  stim 46/16: 1675.9s  ETA -3.2h  (9 stim/hr)
  stim 47/16: 1679.1s  ETA -3.5h  (9 stim/hr)
  stim 48/16: 1679.1s  ETA -3.9h  (8 stim/hr)

Done. 2 HDF5 files written to outputs/features/whisper-base-delta-t/chunk_2
Feature shape per stimulus: [T_out=1500, d_model] per layer

SUCCESS  task=2  stim_start=32
Files written:
total 126M
-rw-r--r-- 1 mehrer upschrimpf1-unit 64M  2 jun 09:48 feats_delta_t-bs_8-batch_0-seed_42.h5
-rw-r--r-- 1 mehrer upschrimpf1-unit 64M  2 jun 13:09 feats_delta_t-bs_8-batch_1-seed_42.h5
End: mar 02 jun 2026 13:09:27 CEST
