========================================================================
DELTA-T FEATURE EXTRACTION  (mode=full)
Array task 12 / Job 54867723
Node: jst372   CPUs: 1
Start: mar 02 jun 2026 07:17:31 CEST
========================================================================
Python: /work/upschrimpf1/mehrer/code/20260601_multimodal_brain_scaling_schizophrenia/multimodal-brain-scaling/.venv/bin/python

Stimuli: start=192  count=16
Output:  outputs/features/whisper-base-delta-t/chunk_12

Arguments: {'model_id': 'whisper-base', 'data_root': '/work/upschrimpf1/mehrer/datasets/Broderick_2018_EEG_The_old_man_and_the_sea/stimuli', 'target_feature_layers': 'configs/extraction/audio/whisper_base_layers.json', 'output_dir': 'outputs/features/whisper-base-delta-t/chunk_12', 'window_duration': 30.0, 'window_stride': 10.0, 'batch_t': 4, 't_stride': 1, 'stim_start_idx': 192, 'n_stimuli': 16, 'save_every': 8, 'model_cache_dir': 'cache/model_weights', 'seed': 42, 'overwrite': False}
Device: cpu
Stimuli: 16 (idx 192..207 of 314)  |  Time bins: 1500 (t_stride=1)  |  batch_t: 4
Layers: ['blocks.0', 'blocks.1', 'blocks.2', 'blocks.3', 'blocks.4', 'blocks.5']
  stim 193/16: 1330.3s  ETA -0.3h  (522 stim/hr)
  stim 194/16: 1324.4s  ETA -0.7h  (263 stim/hr)
  stim 195/16: 1308.5s  ETA -1.0h  (177 stim/hr)
  stim 196/16: 1321.7s  ETA -1.3h  (134 stim/hr)
  stim 197/16: 1308.7s  ETA -1.7h  (108 stim/hr)
  stim 198/16: 1309.2s  ETA -2.0h  (90 stim/hr)
  stim 199/16: 1302.5s  ETA -2.4h  (78 stim/hr)
  stim 200/16: 1303.5s  ETA -2.7h  (69 stim/hr)
  stim 201/16: 1303.6s  ETA -3.0h  (61 stim/hr)
  stim 202/16: 1322.0s  ETA -3.4h  (55 stim/hr)
  stim 203/16: 1322.3s  ETA -3.7h  (51 stim/hr)
  stim 204/16: 1313.1s  ETA -4.0h  (47 stim/hr)
  stim 205/16: 1318.0s  ETA -4.4h  (43 stim/hr)
  stim 206/16: 1319.1s  ETA -4.7h  (40 stim/hr)
  stim 207/16: 1315.4s  ETA -5.1h  (38 stim/hr)
  stim 208/16: 1316.6s  ETA -5.4h  (36 stim/hr)

Done. 2 HDF5 files written to outputs/features/whisper-base-delta-t/chunk_12
Feature shape per stimulus: [T_out=1500, d_model] per layer

SUCCESS  task=12  stim_start=192
Files written:
total 126M
-rw-r--r-- 1 mehrer upschrimpf1-unit 64M  2 jun 10:13 feats_delta_t-bs_8-batch_0-seed_42.h5
-rw-r--r-- 1 mehrer upschrimpf1-unit 64M  2 jun 13:09 feats_delta_t-bs_8-batch_1-seed_42.h5
End: mar 02 jun 2026 13:09:30 CEST
