========================================================================
DELTA-T FEATURE EXTRACTION  (mode=full)
Array task 19 / Job 54867710
Node: jst374   CPUs: 1
Start: mar 02 jun 2026 07:17:31 CEST
========================================================================
Python: /work/upschrimpf1/mehrer/code/20260601_multimodal_brain_scaling_schizophrenia/multimodal-brain-scaling/.venv/bin/python

Stimuli: start=304  count=16
Output:  outputs/features/whisper-base-delta-t/chunk_19

Arguments: {'model_id': 'whisper-base', 'data_root': '/work/upschrimpf1/mehrer/datasets/Broderick_2018_EEG_The_old_man_and_the_sea/stimuli', 'target_feature_layers': 'configs/extraction/audio/whisper_base_layers.json', 'output_dir': 'outputs/features/whisper-base-delta-t/chunk_19', 'window_duration': 30.0, 'window_stride': 10.0, 'batch_t': 4, 't_stride': 1, 'stim_start_idx': 304, 'n_stimuli': 16, 'save_every': 8, 'model_cache_dir': 'cache/model_weights', 'seed': 42, 'overwrite': False}
Device: cpu
Stimuli: 10 (idx 304..313 of 314)  |  Time bins: 1500 (t_stride=1)  |  batch_t: 4
Layers: ['blocks.0', 'blocks.1', 'blocks.2', 'blocks.3', 'blocks.4', 'blocks.5']
  stim 305/10: 1149.7s  ETA -0.3h  (955 stim/hr)
  stim 306/10: 1163.5s  ETA -0.6h  (476 stim/hr)
  stim 307/10: 1029.4s  ETA -0.9h  (331 stim/hr)
  stim 308/10: 1054.7s  ETA -1.2h  (252 stim/hr)
  stim 309/10: 1185.6s  ETA -1.5h  (199 stim/hr)
  stim 310/10: 1164.4s  ETA -1.8h  (165 stim/hr)
  stim 311/10: 1157.1s  ETA -2.1h  (142 stim/hr)
  stim 312/10: 1155.1s  ETA -2.4h  (124 stim/hr)
  stim 313/10: 1131.9s  ETA -2.7h  (111 stim/hr)
  stim 314/10: 1175.0s  ETA -3.1h  (99 stim/hr)

Done. 1 HDF5 files written to outputs/features/whisper-base-delta-t/chunk_19
Feature shape per stimulus: [T_out=1500, d_model] per layer

SUCCESS  task=19  stim_start=304
Files written:
total 64M
-rw-r--r-- 1 mehrer upschrimpf1-unit 64M  2 jun 09:49 feats_delta_t-bs_8-batch_0-seed_42.h5
End: mar 02 jun 2026 10:28:20 CEST
