========================================================================
DELTA-T FEATURE EXTRACTION  (mode=full)
Array task 16 / Job 54867727
Node: jst374   CPUs: 1
Start: mar 02 jun 2026 07:17:31 CEST
========================================================================
Python: /work/upschrimpf1/mehrer/code/20260601_multimodal_brain_scaling_schizophrenia/multimodal-brain-scaling/.venv/bin/python

Stimuli: start=256  count=16
Output:  outputs/features/whisper-base-delta-t/chunk_16

Arguments: {'model_id': 'whisper-base', 'data_root': '/work/upschrimpf1/mehrer/datasets/Broderick_2018_EEG_The_old_man_and_the_sea/stimuli', 'target_feature_layers': 'configs/extraction/audio/whisper_base_layers.json', 'output_dir': 'outputs/features/whisper-base-delta-t/chunk_16', 'window_duration': 30.0, 'window_stride': 10.0, 'batch_t': 4, 't_stride': 1, 'stim_start_idx': 256, 'n_stimuli': 16, 'save_every': 8, 'model_cache_dir': 'cache/model_weights', 'seed': 42, 'overwrite': False}
Device: cpu
Stimuli: 16 (idx 256..271 of 314)  |  Time bins: 1500 (t_stride=1)  |  batch_t: 4
Layers: ['blocks.0', 'blocks.1', 'blocks.2', 'blocks.3', 'blocks.4', 'blocks.5']
  stim 257/16: 1149.5s  ETA -0.3h  (805 stim/hr)
  stim 258/16: 1167.2s  ETA -0.6h  (401 stim/hr)
  stim 259/16: 1027.1s  ETA -0.9h  (279 stim/hr)
  stim 260/16: 1047.1s  ETA -1.1h  (213 stim/hr)
  stim 261/16: 1186.0s  ETA -1.5h  (168 stim/hr)
  stim 262/16: 1157.7s  ETA -1.8h  (140 stim/hr)
  stim 263/16: 1160.7s  ETA -2.1h  (120 stim/hr)
  stim 264/16: 1160.4s  ETA -2.4h  (105 stim/hr)
  stim 265/16: 1146.4s  ETA -2.7h  (93 stim/hr)
  stim 266/16: 1181.9s  ETA -3.0h  (84 stim/hr)
  stim 267/16: 1196.3s  ETA -3.3h  (76 stim/hr)
  stim 268/16: 1201.1s  ETA -3.6h  (70 stim/hr)
  stim 269/16: 1102.0s  ETA -3.9h  (65 stim/hr)
  stim 270/16: 1210.9s  ETA -4.2h  (60 stim/hr)
  stim 271/16: 1317.9s  ETA -4.6h  (56 stim/hr)
  stim 272/16: 1187.0s  ETA -4.9h  (53 stim/hr)

Done. 2 HDF5 files written to outputs/features/whisper-base-delta-t/chunk_16
Feature shape per stimulus: [T_out=1500, d_model] per layer

SUCCESS  task=16  stim_start=256
Files written:
total 126M
-rw-r--r-- 1 mehrer upschrimpf1-unit 64M  2 jun 09:49 feats_delta_t-bs_8-batch_0-seed_42.h5
-rw-r--r-- 1 mehrer upschrimpf1-unit 64M  2 jun 12:28 feats_delta_t-bs_8-batch_1-seed_42.h5
End: mar 02 jun 2026 12:28:50 CEST
