========================================================================
DELTA-T FEATURE EXTRACTION  (mode=full)
Array task 0 / Job 54867711
Node: jst367   CPUs: 1
Start: mar 02 jun 2026 07:17:31 CEST
========================================================================
Python: /work/upschrimpf1/mehrer/code/20260601_multimodal_brain_scaling_schizophrenia/multimodal-brain-scaling/.venv/bin/python

Stimuli: start=0  count=16
Output:  outputs/features/whisper-base-delta-t/chunk_0

Arguments: {'model_id': 'whisper-base', 'data_root': '/work/upschrimpf1/mehrer/datasets/Broderick_2018_EEG_The_old_man_and_the_sea/stimuli', 'target_feature_layers': 'configs/extraction/audio/whisper_base_layers.json', 'output_dir': 'outputs/features/whisper-base-delta-t/chunk_0', 'window_duration': 30.0, 'window_stride': 10.0, 'batch_t': 4, 't_stride': 1, 'stim_start_idx': 0, 'n_stimuli': 16, 'save_every': 8, 'model_cache_dir': 'cache/model_weights', 'seed': 42, 'overwrite': False}
Device: cpu
Stimuli: 16 (idx 0..15 of 314)  |  Time bins: 1500 (t_stride=1)  |  batch_t: 4
Layers: ['blocks.0', 'blocks.1', 'blocks.2', 'blocks.3', 'blocks.4', 'blocks.5']
  stim 1/16: 1300.6s  ETA 5.4h  (3 stim/hr)
  stim 2/16: 1287.1s  ETA 5.0h  (3 stim/hr)
  stim 3/16: 1297.1s  ETA 4.7h  (3 stim/hr)
  stim 4/16: 1305.9s  ETA 4.3h  (3 stim/hr)
  stim 5/16: 1251.0s  ETA 3.9h  (3 stim/hr)
  stim 6/16: 1243.2s  ETA 3.6h  (3 stim/hr)
  stim 7/16: 1253.7s  ETA 3.2h  (3 stim/hr)
  stim 8/16: 1275.1s  ETA 2.8h  (3 stim/hr)
  stim 9/16: 1292.7s  ETA 2.5h  (3 stim/hr)
  stim 10/16: 1276.7s  ETA 2.1h  (3 stim/hr)
  stim 11/16: 1262.2s  ETA 1.8h  (3 stim/hr)
  stim 12/16: 1258.2s  ETA 1.4h  (3 stim/hr)
  stim 13/16: 1260.1s  ETA 1.1h  (3 stim/hr)
  stim 14/16: 1263.6s  ETA 0.7h  (3 stim/hr)
  stim 15/16: 1266.8s  ETA 0.4h  (3 stim/hr)
  stim 16/16: 1250.3s  ETA 0.0h  (3 stim/hr)

Done. 2 HDF5 files written to outputs/features/whisper-base-delta-t/chunk_0
Feature shape per stimulus: [T_out=1500, d_model] per layer

SUCCESS  task=0  stim_start=0
Files written:
total 127M
-rw-r--r-- 1 mehrer upschrimpf1-unit 64M  2 jun 10:09 feats_delta_t-bs_8-batch_0-seed_42.h5
-rw-r--r-- 1 mehrer upschrimpf1-unit 64M  2 jun 12:57 feats_delta_t-bs_8-batch_1-seed_42.h5
End: mar 02 jun 2026 12:58:06 CEST
